0 info it worked if it ends with ok
1 verbose cli [ 'node',
1 verbose cli   '/usr/local/bin/npm',
1 verbose cli   'publish',
1 verbose cli   'git://github.com/badryan/node-files-PiTFT-touch.git#master' ]
2 info using npm@1.4.3
3 info using node@v0.10.26
4 verbose publish [ 'git://github.com/badryan/node-files-PiTFT-touch.git#master' ]
5 verbose cache add [ 'git://github.com/badryan/node-files-PiTFT-touch.git#master',
5 verbose cache add   null ]
6 verbose cache add name=undefined spec="git://github.com/badryan/node-files-PiTFT-touch.git#master" args=["git://github.com/badryan/node-files-PiTFT-touch.git#master",null]
7 verbose parsed url { protocol: 'git:',
7 verbose parsed url   slashes: true,
7 verbose parsed url   auth: null,
7 verbose parsed url   host: 'github.com',
7 verbose parsed url   port: null,
7 verbose parsed url   hostname: 'github.com',
7 verbose parsed url   hash: '#master',
7 verbose parsed url   search: null,
7 verbose parsed url   query: null,
7 verbose parsed url   pathname: '/badryan/node-files-PiTFT-touch.git',
7 verbose parsed url   path: '/badryan/node-files-PiTFT-touch.git',
7 verbose parsed url   href: 'git://github.com/badryan/node-files-PiTFT-touch.git#master' }
8 silly lockFile cd0c0f54-dryan-node-files-PiTFT-touch-git git://github.com/badryan/node-files-PiTFT-touch.git
9 verbose lock git://github.com/badryan/node-files-PiTFT-touch.git /Users/boris/.npm/cd0c0f54-dryan-node-files-PiTFT-touch-git.lock
10 verbose addRemoteGit [ 'git://github.com/badryan/node-files-PiTFT-touch.git',
10 verbose addRemoteGit   'master' ]
11 verbose git clone git://github.com/badryan/node-files-PiTFT-touch.git Cloning into bare repository '/Users/boris/.npm/_git-remotes/git-github-com-badryan-node-files-PiTFT-touch-git-cd0c0f54'...
12 verbose git fetch -a origin (git://github.com/badryan/node-files-PiTFT-touch.git)
13 verbose git rev-list -n1 master 3dd41a20775fa9eeda7fc4f5d9cd41a42f9c724e
14 verbose resolved git url git://github.com/badryan/node-files-PiTFT-touch.git#3dd41a20775fa9eeda7fc4f5d9cd41a42f9c724e
15 verbose tar unpack /var/folders/dv/4w7l25h12lv_hzlr2xpjv4ww000217/T/npm-83098-0DqfKacs/1408442461288-0.960030521498993/tmp.tgz
16 silly lockFile 6e29222a-461288-0-960030521498993-package tar:///var/folders/dv/4w7l25h12lv_hzlr2xpjv4ww000217/T/npm-83098-0DqfKacs/1408442461288-0.960030521498993/package
17 verbose lock tar:///var/folders/dv/4w7l25h12lv_hzlr2xpjv4ww000217/T/npm-83098-0DqfKacs/1408442461288-0.960030521498993/package /Users/boris/.npm/6e29222a-461288-0-960030521498993-package.lock
18 silly lockFile 79f746dc-461288-0-960030521498993-tmp-tgz tar:///var/folders/dv/4w7l25h12lv_hzlr2xpjv4ww000217/T/npm-83098-0DqfKacs/1408442461288-0.960030521498993/tmp.tgz
19 verbose lock tar:///var/folders/dv/4w7l25h12lv_hzlr2xpjv4ww000217/T/npm-83098-0DqfKacs/1408442461288-0.960030521498993/tmp.tgz /Users/boris/.npm/79f746dc-461288-0-960030521498993-tmp-tgz.lock
20 silly gunzTarPerm modes [ '755', '644' ]
21 silly gunzTarPerm extractEntry
22 silly gunzTarPerm modified mode [ '', 509, 493 ]
23 silly gunzTarPerm extractEntry 40-node-red-contrib-PiTFT-touch.html
24 silly gunzTarPerm modified mode [ '40-node-red-contrib-PiTFT-touch.html', 436, 420 ]
25 silly gunzTarPerm extractEntry 40-node-red-contrib-PiTFT-touch.js
26 silly gunzTarPerm modified mode [ '40-node-red-contrib-PiTFT-touch.js', 436, 420 ]
27 silly gunzTarPerm extractEntry LICENSE
28 silly gunzTarPerm modified mode [ 'LICENSE', 436, 420 ]
29 silly gunzTarPerm extractEntry README.md
30 silly gunzTarPerm modified mode [ 'README.md', 436, 420 ]
31 silly gunzTarPerm extractEntry node-red-contrib-PiTFT-touch.html
32 silly gunzTarPerm modified mode [ 'node-red-contrib-PiTFT-touch.html', 436, 420 ]
33 silly gunzTarPerm extractEntry node-red-contrib-PiTFT-touch.js
34 silly gunzTarPerm modified mode [ 'node-red-contrib-PiTFT-touch.js', 436, 420 ]
35 silly gunzTarPerm extractEntry package.json
36 silly gunzTarPerm modified mode [ 'package.json', 436, 420 ]
37 silly lockFile 6e29222a-461288-0-960030521498993-package tar:///var/folders/dv/4w7l25h12lv_hzlr2xpjv4ww000217/T/npm-83098-0DqfKacs/1408442461288-0.960030521498993/package
38 silly lockFile 6e29222a-461288-0-960030521498993-package tar:///var/folders/dv/4w7l25h12lv_hzlr2xpjv4ww000217/T/npm-83098-0DqfKacs/1408442461288-0.960030521498993/package
39 silly lockFile 79f746dc-461288-0-960030521498993-tmp-tgz tar:///var/folders/dv/4w7l25h12lv_hzlr2xpjv4ww000217/T/npm-83098-0DqfKacs/1408442461288-0.960030521498993/tmp.tgz
40 silly lockFile 79f746dc-461288-0-960030521498993-tmp-tgz tar:///var/folders/dv/4w7l25h12lv_hzlr2xpjv4ww000217/T/npm-83098-0DqfKacs/1408442461288-0.960030521498993/tmp.tgz
41 verbose tar pack [ '/Users/boris/.npm/node-red-contrib-PiTFT-touch/0.0.1/package.tgz',
41 verbose tar pack   '/var/folders/dv/4w7l25h12lv_hzlr2xpjv4ww000217/T/npm-83098-0DqfKacs/1408442461288-0.960030521498993/package' ]
42 verbose tarball /Users/boris/.npm/node-red-contrib-PiTFT-touch/0.0.1/package.tgz
43 verbose folder /var/folders/dv/4w7l25h12lv_hzlr2xpjv4ww000217/T/npm-83098-0DqfKacs/1408442461288-0.960030521498993/package
44 silly lockFile 6e29222a-461288-0-960030521498993-package tar:///var/folders/dv/4w7l25h12lv_hzlr2xpjv4ww000217/T/npm-83098-0DqfKacs/1408442461288-0.960030521498993/package
45 verbose lock tar:///var/folders/dv/4w7l25h12lv_hzlr2xpjv4ww000217/T/npm-83098-0DqfKacs/1408442461288-0.960030521498993/package /Users/boris/.npm/6e29222a-461288-0-960030521498993-package.lock
46 silly lockFile d5d1ce2f-ib-PiTFT-touch-0-0-1-package-tgz tar:///Users/boris/.npm/node-red-contrib-PiTFT-touch/0.0.1/package.tgz
47 verbose lock tar:///Users/boris/.npm/node-red-contrib-PiTFT-touch/0.0.1/package.tgz /Users/boris/.npm/d5d1ce2f-ib-PiTFT-touch-0-0-1-package-tgz.lock
48 silly lockFile 6e29222a-461288-0-960030521498993-package tar:///var/folders/dv/4w7l25h12lv_hzlr2xpjv4ww000217/T/npm-83098-0DqfKacs/1408442461288-0.960030521498993/package
49 silly lockFile 6e29222a-461288-0-960030521498993-package tar:///var/folders/dv/4w7l25h12lv_hzlr2xpjv4ww000217/T/npm-83098-0DqfKacs/1408442461288-0.960030521498993/package
50 silly lockFile d5d1ce2f-ib-PiTFT-touch-0-0-1-package-tgz tar:///Users/boris/.npm/node-red-contrib-PiTFT-touch/0.0.1/package.tgz
51 silly lockFile d5d1ce2f-ib-PiTFT-touch-0-0-1-package-tgz tar:///Users/boris/.npm/node-red-contrib-PiTFT-touch/0.0.1/package.tgz
52 silly lockFile 7808e705-ontrib-PiTFT-touch-0-0-1-package /Users/boris/.npm/node-red-contrib-PiTFT-touch/0.0.1/package
53 verbose lock /Users/boris/.npm/node-red-contrib-PiTFT-touch/0.0.1/package /Users/boris/.npm/7808e705-ontrib-PiTFT-touch-0-0-1-package.lock
54 silly lockFile 7808e705-ontrib-PiTFT-touch-0-0-1-package /Users/boris/.npm/node-red-contrib-PiTFT-touch/0.0.1/package
55 silly lockFile 7808e705-ontrib-PiTFT-touch-0-0-1-package /Users/boris/.npm/node-red-contrib-PiTFT-touch/0.0.1/package
56 verbose tar unpack /Users/boris/.npm/node-red-contrib-PiTFT-touch/0.0.1/package.tgz
57 silly lockFile 81feb642-ontrib-PiTFT-touch-0-0-1-package tar:///Users/boris/.npm/node-red-contrib-PiTFT-touch/0.0.1/package
58 verbose lock tar:///Users/boris/.npm/node-red-contrib-PiTFT-touch/0.0.1/package /Users/boris/.npm/81feb642-ontrib-PiTFT-touch-0-0-1-package.lock
59 silly lockFile d5d1ce2f-ib-PiTFT-touch-0-0-1-package-tgz tar:///Users/boris/.npm/node-red-contrib-PiTFT-touch/0.0.1/package.tgz
60 verbose lock tar:///Users/boris/.npm/node-red-contrib-PiTFT-touch/0.0.1/package.tgz /Users/boris/.npm/d5d1ce2f-ib-PiTFT-touch-0-0-1-package-tgz.lock
61 silly gunzTarPerm modes [ '755', '644' ]
62 silly gunzTarPerm extractEntry package.json
63 silly gunzTarPerm extractEntry README.md
64 silly gunzTarPerm extractEntry LICENSE
65 silly gunzTarPerm extractEntry 40-node-red-contrib-PiTFT-touch.js
66 silly gunzTarPerm extractEntry node-red-contrib-PiTFT-touch.js
67 silly gunzTarPerm extractEntry 40-node-red-contrib-PiTFT-touch.html
68 silly gunzTarPerm extractEntry node-red-contrib-PiTFT-touch.html
69 silly lockFile 81feb642-ontrib-PiTFT-touch-0-0-1-package tar:///Users/boris/.npm/node-red-contrib-PiTFT-touch/0.0.1/package
70 silly lockFile 81feb642-ontrib-PiTFT-touch-0-0-1-package tar:///Users/boris/.npm/node-red-contrib-PiTFT-touch/0.0.1/package
71 silly lockFile d5d1ce2f-ib-PiTFT-touch-0-0-1-package-tgz tar:///Users/boris/.npm/node-red-contrib-PiTFT-touch/0.0.1/package.tgz
72 silly lockFile d5d1ce2f-ib-PiTFT-touch-0-0-1-package-tgz tar:///Users/boris/.npm/node-red-contrib-PiTFT-touch/0.0.1/package.tgz
73 verbose chmod /Users/boris/.npm/node-red-contrib-PiTFT-touch/0.0.1/package.tgz 644
74 verbose chown /Users/boris/.npm/node-red-contrib-PiTFT-touch/0.0.1/package.tgz [ 2087, 1100 ]
75 silly lockFile cd0c0f54-dryan-node-files-PiTFT-touch-git git://github.com/badryan/node-files-PiTFT-touch.git
76 silly lockFile cd0c0f54-dryan-node-files-PiTFT-touch-git git://github.com/badryan/node-files-PiTFT-touch.git
77 silly publish { name: 'node-red-contrib-PiTFT-touch',
77 silly publish   version: '0.0.1',
77 silly publish   description: 'This reads /dev/input/event0 on the Raspberry Pi, which is the Adafruit PiTFT touch screen if you used their tutorial to install the shield. *May* be compatible with other touch screens and other Linux-es.',
77 silly publish   dependencies: {},
77 silly publish   repository:
77 silly publish    { type: 'git',
77 silly publish      url: 'https://github.com/badryan/node-files-PiTFT-touch/tree/master' },
77 silly publish   license: 'Apache',
77 silly publish   keywords:
77 silly publish    [ 'node-red',
77 silly publish      'Raspberry Pi',
77 silly publish      'Adafruit',
77 silly publish      'PiTFT',
77 silly publish      'touch',
77 silly publish      'touch screen' ],
77 silly publish   'node-red': { nodes: { touch: '40-node-red-contrib-PiTFT-touch.js' } },
77 silly publish   author: { name: 'Boris Adryan', email: 'badryan@gmail.com' },
77 silly publish   readme: 'node-files-PiTFT-touch\n======================\n\nSource files for a Raspberry Pi Adafruit PiTFT touch screen node for Node-RED\n\n\nInstall\n-------\n\nRun the following command in the root directory of your Node-RED install\n\n    npm install node-red-contrib-PiTFT-touch\n  \n  \n###Input\n\nThis reads */dev/input/event0*, which is the Adafruit PiTFT touch screen if you used their tutorial to install the shield. May be compatible with other touch screens. This node doesn\'t do any error handling yet (so if there\'s not PiTFT, tough luck) nor any fancy event handling ("gestures"), but just reports the last position where the user touched the screen before lifting the finger. \nThis is useful for simple "touch a button on the screen" sort of operations.\n\nOutputs an object called **msg** containing a **msg.payload**. msg.payload is a JSON String of the format {"x":10, "y":20}\n',
77 silly publish   readmeFilename: 'README.md',
77 silly publish   _id: 'node-red-contrib-PiTFT-touch@0.0.1',
77 silly publish   dist: { shasum: '8624b5d28483fd2ebbb1964e8590fb14e7e7b98b' },
77 silly publish   _resolved: 'git://github.com/badryan/node-files-PiTFT-touch.git#3dd41a20775fa9eeda7fc4f5d9cd41a42f9c724e' }
78 info prepublish node-red-contrib-PiTFT-touch@0.0.1
79 verbose url raw node-red-contrib-PiTFT-touch
80 verbose url resolving [ 'https://registry.npmjs.org/',
80 verbose url resolving   './node-red-contrib-PiTFT-touch' ]
81 verbose url resolved https://registry.npmjs.org/node-red-contrib-PiTFT-touch
82 info trying registry request attempt 1 at 11:01:01
83 http PUT https://registry.npmjs.org/node-red-contrib-PiTFT-touch
84 http 403 https://registry.npmjs.org/node-red-contrib-PiTFT-touch
85 error publish Failed PUT 403
86 error Error: forbidden New packages must have all-lowercase names: node-red-contrib-PiTFT-touch
86 error     at RegClient.<anonymous> (/usr/local/lib/node_modules/npm/node_modules/npm-registry-client/lib/request.js:237:14)
86 error     at Request.self.callback (/usr/local/lib/node_modules/npm/node_modules/request/request.js:123:22)
86 error     at Request.EventEmitter.emit (events.js:98:17)
86 error     at Request.<anonymous> (/usr/local/lib/node_modules/npm/node_modules/request/request.js:893:14)
86 error     at Request.EventEmitter.emit (events.js:117:20)
86 error     at IncomingMessage.<anonymous> (/usr/local/lib/node_modules/npm/node_modules/request/request.js:844:12)
86 error     at IncomingMessage.EventEmitter.emit (events.js:117:20)
86 error     at _stream_readable.js:920:16
86 error     at process._tickCallback (node.js:415:13)
87 error If you need help, you may report this *entire* log,
87 error including the npm and node versions, at:
87 error     <http://github.com/npm/npm/issues>
88 error System Darwin 13.3.0
89 error command "node" "/usr/local/bin/npm" "publish" "git://github.com/badryan/node-files-PiTFT-touch.git#master"
90 error cwd /Users/boris/Dropbox/Transfer/touch/node-files
91 error node -v v0.10.26
92 error npm -v 1.4.3
93 verbose exit [ 1, true ]
